{
  "0 debug pnpm:scope": {
    "selected": 4,
    "total": 4
  },
  "1 debug pnpm:lifecycle": {
    "depPath": "C:\\dev\\c2app\\packages\\gui",
    "optional": false,
    "script": "npm start",
    "stage": "dev",
    "wd": "C:\\dev\\c2app\\packages\\gui"
  },
  "2 debug pnpm:lifecycle": {
    "depPath": "C:\\dev\\c2app\\packages\\server",
    "optional": false,
    "script": "ts-node-dev src/index.ts",
    "stage": "dev",
    "wd": "C:\\dev\\c2app\\packages\\server"
  },
  "3 debug pnpm:lifecycle": {
    "depPath": "C:\\dev\\c2app\\packages\\shared",
    "optional": false,
    "script": "tsc -w",
    "stage": "dev",
    "wd": "C:\\dev\\c2app\\packages\\shared"
  },
  "4 debug pnpm:lifecycle": {
    "depPath": "C:\\dev\\c2app\\packages\\server",
    "line": "'ts-node-dev' is not recognized as an internal or external command,",
    "stage": "dev",
    "stdio": "stderr",
    "wd": "C:\\dev\\c2app\\packages\\server"
  },
  "5 debug pnpm:lifecycle": {
    "depPath": "C:\\dev\\c2app\\packages\\server",
    "line": "operable program or batch file.",
    "stage": "dev",
    "stdio": "stderr",
    "wd": "C:\\dev\\c2app\\packages\\server"
  },
  "6 debug pnpm:lifecycle": {
    "depPath": "C:\\dev\\c2app\\packages\\server",
    "exitCode": 1,
    "optional": false,
    "stage": "dev",
    "wd": "C:\\dev\\c2app\\packages\\server"
  },
  "7 info pnpm": {
    "err": {
      "name": "Error",
      "message": "c2app-server@0.0.1 dev: `ts-node-dev src/index.ts`\nExit status 1",
      "code": "ELIFECYCLE",
      "stack": "Error: c2app-server@0.0.1 dev: `ts-node-dev src/index.ts`\nExit status 1\n    at EventEmitter.<anonymous> (C:\\Users\\Admin\\AppData\\Roaming\\npm\\pnpm-global\\5\\node_modules\\.pnpm\\pnpm@6.32.1\\node_modules\\pnpm\\dist\\pnpm.cjs:105685:20)\n    at EventEmitter.emit (node:events:520:28)\n    at ChildProcess.<anonymous> (C:\\Users\\Admin\\AppData\\Roaming\\npm\\pnpm-global\\5\\node_modules\\.pnpm\\pnpm@6.32.1\\node_modules\\pnpm\\dist\\pnpm.cjs:92232:18)\n    at ChildProcess.emit (node:events:520:28)\n    at maybeClose (node:internal/child_process:1092:16)\n    at Process.ChildProcess._handle.onexit (node:internal/child_process:302:5)"
    }
  },
  "8 error pnpm": {
    "errno": 1,
    "code": "ERR_PNPM_RECURSIVE_RUN_FIRST_FAIL",
    "pkgid": "c2app-server@0.0.1",
    "stage": "dev",
    "script": "ts-node-dev src/index.ts",
    "pkgname": "c2app-server",
    "prefix": "C:\\dev\\c2app\\packages\\server",
    "err": {
      "name": "pnpm",
      "message": "c2app-server@0.0.1 dev: `ts-node-dev src/index.ts`\nExit status 1",
      "code": "ERR_PNPM_RECURSIVE_RUN_FIRST_FAIL",
      "stack": "Error: c2app-server@0.0.1 dev: `ts-node-dev src/index.ts`\nExit status 1\n    at EventEmitter.<anonymous> (C:\\Users\\Admin\\AppData\\Roaming\\npm\\pnpm-global\\5\\node_modules\\.pnpm\\pnpm@6.32.1\\node_modules\\pnpm\\dist\\pnpm.cjs:105685:20)\n    at EventEmitter.emit (node:events:520:28)\n    at ChildProcess.<anonymous> (C:\\Users\\Admin\\AppData\\Roaming\\npm\\pnpm-global\\5\\node_modules\\.pnpm\\pnpm@6.32.1\\node_modules\\pnpm\\dist\\pnpm.cjs:92232:18)\n    at ChildProcess.emit (node:events:520:28)\n    at maybeClose (node:internal/child_process:1092:16)\n    at Process.ChildProcess._handle.onexit (node:internal/child_process:302:5)"
    }
  }
}